<?xml version="1.0" encoding="UTF-8"?>
<testsuite name="com.example.securingweb.SecuringWebApplicationTests" tests="5" skipped="0" failures="0" errors="0" timestamp="2025-09-22T03:32:51" hostname="MINHDUC" time="1.86">
  <properties/>
  <testcase name="accessUnsecuredResourceThenOk()" classname="com.example.securingweb.SecuringWebApplicationTests" time="1.358"/>
  <testcase name="accessSecuredResourceUnauthenticatedThenRedirectsToLogin()" classname="com.example.securingweb.SecuringWebApplicationTests" time="0.023"/>
  <testcase name="loginWithInvalidUserThenUnauthenticated()" classname="com.example.securingweb.SecuringWebApplicationTests" time="0.207"/>
  <testcase name="loginWithValidUserThenAuthenticated()" classname="com.example.securingweb.SecuringWebApplicationTests" time="0.119"/>
  <testcase name="accessSecuredResourceAuthenticatedThenOk()" classname="com.example.securingweb.SecuringWebApplicationTests" time="0.144"/>
  <system-out><![CDATA[10:32:48.385 [Test worker] INFO org.springframework.test.context.support.AnnotationConfigContextLoaderUtils -- Could not detect default configuration classes for test class [com.example.securingweb.SecuringWebApplicationTests]: SecuringWebApplicationTests does not declare any static, non-private, non-final, nested classes annotated with @Configuration.
10:32:48.602 [Test worker] INFO org.springframework.boot.test.context.SpringBootTestContextBootstrapper -- Found @SpringBootConfiguration com.example.securingweb.SecuringWebApplication for test class com.example.securingweb.SecuringWebApplicationTests
  .   ____          _            __ _ _
 /\\ / ___'_ __ _ _(_)_ __  __ _ \ \ \ \
( ( )\___ | '_ | '_| | '_ \/ _` | \ \ \ \
 \\/  ___)| |_)| | | | | || (_| |  ) ) ) )
  '  |____| .__|_| |_|_| |_\__, | / / / /
 =========|_|==============|___/=/_/_/_/

 :: Spring Boot ::                (v3.3.0)

2025-09-22T10:32:49.152+07:00  INFO 15892 --- [    Test worker] c.e.s.SecuringWebApplicationTests        : Starting SecuringWebApplicationTests using Java 17.0.12 with PID 15892 (started by This in D:\ForStudy\gs-securing-web\complete)
2025-09-22T10:32:49.155+07:00  INFO 15892 --- [    Test worker] c.e.s.SecuringWebApplicationTests        : No active profile set, falling back to 1 default profile: "default"
2025-09-22T10:32:50.375+07:00  WARN 15892 --- [    Test worker] o.s.security.core.userdetails.User       : User.withDefaultPasswordEncoder() is considered unsafe for production and is only intended for sample applications.
2025-09-22T10:32:50.517+07:00  INFO 15892 --- [    Test worker] r$InitializeUserDetailsManagerConfigurer : Global AuthenticationManager configured with UserDetailsService bean with name userDetailsService
2025-09-22T10:32:50.927+07:00  INFO 15892 --- [    Test worker] o.s.s.web.DefaultSecurityFilterChain     : Will secure any request with [org.springframework.security.web.session.DisableEncodeUrlFilter@7126e26, org.springframework.security.web.context.request.async.WebAsyncManagerIntegrationFilter@151ab2b9, org.springframework.security.web.context.SecurityContextHolderFilter@691124ee, org.springframework.security.web.header.HeaderWriterFilter@11381415, org.springframework.web.filter.CorsFilter@13ed066e, org.springframework.security.web.csrf.CsrfFilter@29bcf51d, org.springframework.security.web.authentication.logout.LogoutFilter@1fecfaea, org.springframework.security.web.authentication.UsernamePasswordAuthenticationFilter@322e49ee, org.springframework.security.web.savedrequest.RequestCacheAwareFilter@5403799b, org.springframework.security.web.servletapi.SecurityContextHolderAwareRequestFilter@3ad8717d, org.springframework.security.web.authentication.AnonymousAuthenticationFilter@4d705112, org.springframework.security.web.access.ExceptionTranslationFilter@11d86b9d, org.springframework.security.web.access.intercept.AuthorizationFilter@3592c1c4]
2025-09-22T10:32:51.391+07:00  INFO 15892 --- [    Test worker] o.s.b.t.m.w.SpringBootMockServletContext : Initializing Spring TestDispatcherServlet ''
2025-09-22T10:32:51.391+07:00  INFO 15892 --- [    Test worker] o.s.t.web.servlet.TestDispatcherServlet  : Initializing Servlet ''
2025-09-22T10:32:51.393+07:00  INFO 15892 --- [    Test worker] o.s.t.web.servlet.TestDispatcherServlet  : Completed initialization in 1 ms
2025-09-22T10:32:51.484+07:00  INFO 15892 --- [    Test worker] c.e.s.SecuringWebApplicationTests        : Started SecuringWebApplicationTests in 2.611 seconds (process running for 4.771)
]]></system-out>
  <system-err><![CDATA[]]></system-err>
</testsuite>
